<?xml version="1.0" encoding="UTF-8"?>
<!-- Generated by org.testng.reporters.JUnitReportReporter -->
<testsuite skipped="0" hostname="DESKTOP-OB1OE1J" name="com.nitara.HousingManagement.DeleteSmartshed" tests="1" failures="0" timestamp="2022-05-06T16:40:15 IST" time="81.454" errors="0">
  <testcase name="Delete_Smartshed" time="81.454" classname="com.nitara.HousingManagement.DeleteSmartshed"/>
  <system-out/>
</testsuite> <!-- com.nitara.HousingManagement.DeleteSmartshed -->
