<?xml version="1.0" encoding="UTF-8"?>
<!-- Generated by org.testng.reporters.JUnitReportReporter -->
<testsuite skipped="0" hostname="DESKTOP-OB1OE1J" name="com.nitara.HousingManagement.DelteSmartgroup" tests="1" failures="0" timestamp="2022-05-06T16:49:01 IST" time="83.711" errors="0">
  <testcase name="Deletegroup" time="83.711" classname="com.nitara.HousingManagement.DelteSmartgroup"/>
  <system-out/>
</testsuite> <!-- com.nitara.HousingManagement.DelteSmartgroup -->
