<?xml version="1.0" encoding="UTF-8"?>
<!-- Generated by org.testng.reporters.JUnitReportReporter -->
<testsuite skipped="0" hostname="DESKTOP-OB1OE1J" name="appCommonClasses.ZomatoOTP" tests="2" failures="0" timestamp="2022-07-22T15:02:06 IST" time="41.897" errors="0">
  <testcase name="initiateOTP" time="22.584" classname="appCommonClasses.ZomatoOTP"/>
  <system-out/>
  <testcase name="initiateOTP" time="19.313" classname="appCommonClasses.ZomatoOTP"/>
  <system-out/>
</testsuite> <!-- appCommonClasses.ZomatoOTP -->
