<?xml version="1.0" encoding="UTF-8"?>
<!-- Generated by org.testng.reporters.JUnitReportReporter -->
<testsuite skipped="0" hostname="DESKTOP-OB1OE1J" name="com.nitara.APIFunctions.LoginAPI" tests="1" failures="0" timestamp="2022-05-16T20:38:36 IST" time="1.751" errors="0">
  <testcase name="API_FarmerLogin" time="1.751" classname="com.nitara.APIFunctions.LoginAPI"/>
  <system-out/>
</testsuite> <!-- com.nitara.APIFunctions.LoginAPI -->
