<?xml version="1.0" encoding="UTF-8"?>
<!-- Generated by org.testng.reporters.JUnitReportReporter -->
<testsuite skipped="0" hostname="DESKTOP-OB1OE1J" name="com.nitara.WeightManagement.ViewWeight" tests="1" failures="0" timestamp="2022-04-30T08:00:30 IST" time="137.690" errors="0">
  <testcase name="Weight_ViewData" time="137.690" classname="com.nitara.WeightManagement.ViewWeight"/>
  <system-out/>
</testsuite> <!-- com.nitara.WeightManagement.ViewWeight -->
