<?xml version="1.0" encoding="UTF-8"?>
<!-- Generated by org.testng.reporters.JUnitReportReporter -->
<testsuite skipped="0" hostname="DESKTOP-OB1OE1J" name="com.nitara.WeightManagement.AddWeight" tests="1" failures="0" timestamp="2022-05-19T17:06:34 IST" time="53.550" errors="0">
  <testcase name="Weight_AddData" time="53.550" classname="com.nitara.WeightManagement.AddWeight"/>
  <system-out/>
</testsuite> <!-- com.nitara.WeightManagement.AddWeight -->
