<?xml version="1.0" encoding="UTF-8"?>
<!-- Generated by org.testng.reporters.JUnitReportReporter -->
<testsuite skipped="0" hostname="DESKTOP-OB1OE1J" name="com.nitara.BreedingManagement.AddPDforCattle" tests="1" failures="0" timestamp="2022-03-24T00:03:50 IST" time="101.599" errors="0">
  <testcase name="PD_ValidData" time="101.599" classname="com.nitara.BreedingManagement.AddPDforCattle"/>
  <system-out/>
</testsuite> <!-- com.nitara.BreedingManagement.AddPDforCattle -->
