<?xml version="1.0" encoding="UTF-8"?>
<!-- Generated by org.testng.reporters.JUnitReportReporter -->
<testsuite skipped="0" hostname="DESKTOP-OB1OE1J" name="com.nitara.BCSManagement.AddBCS" tests="1" failures="0" timestamp="2022-07-25T13:55:46 IST" time="82.650" errors="0">
  <testcase name="AddBcs" time="82.650" classname="com.nitara.BCSManagement.AddBCS"/>
  <system-out/>
</testsuite> <!-- com.nitara.BCSManagement.AddBCS -->
