<?xml version="1.0" encoding="UTF-8"?>
<!-- Generated by org.testng.reporters.JUnitReportReporter -->
<testsuite skipped="0" hostname="DESKTOP-OB1OE1J" name="com.nitara.BreedingManagement.ViewInsemination" tests="2" failures="0" timestamp="2022-05-23T06:38:37 IST" time="34.888" errors="2">
  <testcase name="Insemination_ViewData" time="32.195" classname="com.nitara.BreedingManagement.ViewInsemination">
    <error type="org.openqa.selenium.WebDriverException" message="org.openqa.selenium.WebDriverException: An unknown server-side error occurred while processing the command. Original error: Could not proxy command to the remote server. Original error: socket hang up
Build info: version: &#039;3.141.59&#039;, revision: &#039;e82be7d358&#039;, time: &#039;2018-11-14T08:17:03&#039;
System info: host: &#039;DESKTOP-OB1OE1J&#039;, ip: &#039;192.168.0.121&#039;, os.name: &#039;Windows 10&#039;, os.arch: &#039;x86&#039;, os.version: &#039;10.0&#039;, java.version: &#039;1.8.0_291&#039;
Driver info: io.appium.java_client.android.AndroidDriver
Capabilities {app: D:\Nitara Automation Farmer..., appPackage: com.nitara.farmer.qa, automationName: uiautomator2, databaseEnabled: false, desired: {app: D:\Nitara Automation Farmer..., automationName: uiautomator2, deviceName: Oneplus, noReset: true, platformName: android, udid: de319e1e2346}, deviceApiLevel: 30, deviceManufacturer: Xiaomi, deviceModel: Mi A3, deviceName: de319e1e2346, deviceScreenDensity: 320, deviceScreenSize: 720x1560, deviceUDID: de319e1e2346, javascriptEnabled: true, locationContextEnabled: false, networkConnectionEnabled: true, noReset: true, pixelRatio: 2, platform: LINUX, platformName: Android, platformVersion: 11, statBarHeight: 70, takesScreenshot: true, udid: de319e1e2346, viewportRect: {height: 1341, left: 0, top: 70, width: 720}, warnings: {}, webStorageEnabled: false}
Session ID: 6cf474dc-3480-4b70-86b1-588c855e202d
*** Element info: {Using=id, value=search_farm_param}">
      <![CDATA[org.openqa.selenium.WebDriverException: org.openqa.selenium.WebDriverException: An unknown server-side error occurred while processing the command. Original error: Could not proxy command to the remote server. Original error: socket hang up
Build info: version: '3.141.59', revision: 'e82be7d358', time: '2018-11-14T08:17:03'
System info: host: 'DESKTOP-OB1OE1J', ip: '192.168.0.121', os.name: 'Windows 10', os.arch: 'x86', os.version: '10.0', java.version: '1.8.0_291'
Driver info: io.appium.java_client.android.AndroidDriver
Capabilities {app: D:\Nitara Automation Farmer..., appPackage: com.nitara.farmer.qa, automationName: uiautomator2, databaseEnabled: false, desired: {app: D:\Nitara Automation Farmer..., automationName: uiautomator2, deviceName: Oneplus, noReset: true, platformName: android, udid: de319e1e2346}, deviceApiLevel: 30, deviceManufacturer: Xiaomi, deviceModel: Mi A3, deviceName: de319e1e2346, deviceScreenDensity: 320, deviceScreenSize: 720x1560, deviceUDID: de319e1e2346, javascriptEnabled: true, locationContextEnabled: false, networkConnectionEnabled: true, noReset: true, pixelRatio: 2, platform: LINUX, platformName: Android, platformVersion: 11, statBarHeight: 70, takesScreenshot: true, udid: de319e1e2346, viewportRect: {height: 1341, left: 0, top: 70, width: 720}, warnings: {}, webStorageEnabled: false}
Session ID: 6cf474dc-3480-4b70-86b1-588c855e202d
*** Element info: {Using=id, value=search_farm_param}
at io.appium.java_client.pagefactory.AppiumElementLocator$WaitingFunction.apply(AppiumElementLocator.java:192)
at io.appium.java_client.pagefactory.AppiumElementLocator$WaitingFunction.apply(AppiumElementLocator.java:1)
at org.openqa.selenium.support.ui.FluentWait.until(FluentWait.java:249)
at io.appium.java_client.pagefactory.AppiumElementLocator.waitFor(AppiumElementLocator.java:99)
at io.appium.java_client.pagefactory.AppiumElementLocator.findElement(AppiumElementLocator.java:119)
at io.appium.java_client.pagefactory.interceptors.InterceptorOfASingleElement.intercept(InterceptorOfASingleElement.java:59)
at io.appium.java_client.android.AndroidElement$$EnhancerByCGLIB$$b598166c.sendKeys(<generated>)
at com.nitara.PageObjects.BasePage.sendKeys(BasePage.java:98)
at com.nitara.PageObjects.SearchCattle_CattleListPage.searchCattle(SearchCattle_CattleListPage.java:22)
at appCommonClasses.Helper_AppNavigation.goTo_CattleProfile(Helper_AppNavigation.java:137)
at appCommonClasses.Helper_AppNavigation.goTo_CattleProfileSelectActivity(Helper_AppNavigation.java:112)
at appCommonClasses.Helper_AppNavigation.goTo_BreedingActivityListfromCattleProfile(Helper_AppNavigation.java:45)
at com.nitara.BreedingManagement.ViewInsemination.Insemination_ViewData(ViewInsemination.java:25)
at sun.reflect.NativeMethodAccessorImpl.invoke0(Native Method)
at sun.reflect.NativeMethodAccessorImpl.invoke(NativeMethodAccessorImpl.java:62)
at sun.reflect.DelegatingMethodAccessorImpl.invoke(DelegatingMethodAccessorImpl.java:43)
at java.lang.reflect.Method.invoke(Method.java:498)
at org.testng.internal.MethodInvocationHelper.invokeMethod(MethodInvocationHelper.java:133)
at org.testng.internal.TestInvoker.invokeMethod(TestInvoker.java:598)
at org.testng.internal.TestInvoker.invokeTestMethod(TestInvoker.java:173)
at org.testng.internal.MethodRunner.runInSequence(MethodRunner.java:46)
at org.testng.internal.TestInvoker$MethodInvocationAgent.invoke(TestInvoker.java:824)
at org.testng.internal.TestInvoker.invokeTestMethods(TestInvoker.java:146)
at org.testng.internal.TestMethodWorker.invokeTestMethods(TestMethodWorker.java:146)
at org.testng.internal.TestMethodWorker.run(TestMethodWorker.java:128)
at java.util.ArrayList.forEach(ArrayList.java:1259)
at org.testng.TestRunner.privateRun(TestRunner.java:794)
at org.testng.TestRunner.run(TestRunner.java:596)
at org.testng.SuiteRunner.runTest(SuiteRunner.java:377)
at org.testng.SuiteRunner.runSequentially(SuiteRunner.java:371)
at org.testng.SuiteRunner.privateRun(SuiteRunner.java:332)
at org.testng.SuiteRunner.run(SuiteRunner.java:276)
at org.testng.SuiteRunnerWorker.runSuite(SuiteRunnerWorker.java:53)
at org.testng.SuiteRunnerWorker.run(SuiteRunnerWorker.java:96)
at org.testng.TestNG.runSuitesSequentially(TestNG.java:1212)
at org.testng.TestNG.runSuitesLocally(TestNG.java:1134)
at org.testng.TestNG.runSuites(TestNG.java:1063)
at org.testng.TestNG.run(TestNG.java:1031)
at org.testng.remote.AbstractRemoteTestNG.run(AbstractRemoteTestNG.java:115)
at org.testng.remote.RemoteTestNG.initAndRun(RemoteTestNG.java:251)
at org.testng.remote.RemoteTestNG.main(RemoteTestNG.java:77)
Caused by: org.openqa.selenium.WebDriverException: An unknown server-side error occurred while processing the command. Original error: Could not proxy command to the remote server. Original error: socket hang up
Build info: version: '3.141.59', revision: 'e82be7d358', time: '2018-11-14T08:17:03'
System info: host: 'DESKTOP-OB1OE1J', ip: '192.168.0.121', os.name: 'Windows 10', os.arch: 'x86', os.version: '10.0', java.version: '1.8.0_291'
Driver info: io.appium.java_client.android.AndroidDriver
Capabilities {app: D:\Nitara Automation Farmer..., appPackage: com.nitara.farmer.qa, automationName: uiautomator2, databaseEnabled: false, desired: {app: D:\Nitara Automation Farmer..., automationName: uiautomator2, deviceName: Oneplus, noReset: true, platformName: android, udid: de319e1e2346}, deviceApiLevel: 30, deviceManufacturer: Xiaomi, deviceModel: Mi A3, deviceName: de319e1e2346, deviceScreenDensity: 320, deviceScreenSize: 720x1560, deviceUDID: de319e1e2346, javascriptEnabled: true, locationContextEnabled: false, networkConnectionEnabled: true, noReset: true, pixelRatio: 2, platform: LINUX, platformName: Android, platformVersion: 11, statBarHeight: 70, takesScreenshot: true, udid: de319e1e2346, viewportRect: {height: 1341, left: 0, top: 70, width: 720}, warnings: {}, webStorageEnabled: false}
Session ID: 6cf474dc-3480-4b70-86b1-588c855e202d
*** Element info: {Using=id, value=search_farm_param}
at sun.reflect.NativeConstructorAccessorImpl.newInstance0(Native Method)
at sun.reflect.NativeConstructorAccessorImpl.newInstance(NativeConstructorAccessorImpl.java:62)
at sun.reflect.DelegatingConstructorAccessorImpl.newInstance(DelegatingConstructorAccessorImpl.java:45)
at java.lang.reflect.Constructor.newInstance(Constructor.java:423)
at org.openqa.selenium.remote.http.W3CHttpResponseCodec.createException(W3CHttpResponseCodec.java:187)
at org.openqa.selenium.remote.http.W3CHttpResponseCodec.decode(W3CHttpResponseCodec.java:122)
at org.openqa.selenium.remote.http.W3CHttpResponseCodec.decode(W3CHttpResponseCodec.java:49)
at org.openqa.selenium.remote.HttpCommandExecutor.execute(HttpCommandExecutor.java:158)
at io.appium.java_client.remote.AppiumCommandExecutor.execute(AppiumCommandExecutor.java:247)
at org.openqa.selenium.remote.RemoteWebDriver.execute(RemoteWebDriver.java:552)
at io.appium.java_client.DefaultGenericMobileDriver.execute(DefaultGenericMobileDriver.java:41)
at io.appium.java_client.AppiumDriver.execute(AppiumDriver.java:1)
at io.appium.java_client.android.AndroidDriver.execute(AndroidDriver.java:1)
at org.openqa.selenium.remote.RemoteWebDriver.findElement(RemoteWebDriver.java:323)
at io.appium.java_client.DefaultGenericMobileDriver.findElement(DefaultGenericMobileDriver.java:61)
at io.appium.java_client.AppiumDriver.findElement(AppiumDriver.java:1)
at io.appium.java_client.android.AndroidDriver.findElement(AndroidDriver.java:1)
at org.openqa.selenium.remote.RemoteWebDriver.findElementById(RemoteWebDriver.java:372)
at io.appium.java_client.DefaultGenericMobileDriver.findElementById(DefaultGenericMobileDriver.java:69)
at io.appium.java_client.AppiumDriver.findElementById(AppiumDriver.java:1)
at io.appium.java_client.android.AndroidDriver.findElementById(AndroidDriver.java:1)
at org.openqa.selenium.By$ById.findElement(By.java:188)
at org.openqa.selenium.remote.RemoteWebDriver.findElement(RemoteWebDriver.java:315)
at io.appium.java_client.DefaultGenericMobileDriver.findElement(DefaultGenericMobileDriver.java:57)
at io.appium.java_client.AppiumDriver.findElement(AppiumDriver.java:1)
at io.appium.java_client.android.AndroidDriver.findElement(AndroidDriver.java:1)
at io.appium.java_client.pagefactory.bys.builder.ByChained.lambda$0(ByChained.java:38)
at org.openqa.selenium.support.ui.FluentWait.until(FluentWait.java:249)
at io.appium.java_client.pagefactory.bys.builder.ByChained.findElement(ByChained.java:72)
at org.openqa.selenium.remote.RemoteWebDriver.findElement(RemoteWebDriver.java:315)
at io.appium.java_client.DefaultGenericMobileDriver.findElement(DefaultGenericMobileDriver.java:57)
at io.appium.java_client.AppiumDriver.findElement(AppiumDriver.java:1)
at io.appium.java_client.android.AndroidDriver.findElement(AndroidDriver.java:1)
at io.appium.java_client.pagefactory.bys.ContentMappedBy.findElement(ContentMappedBy.java:50)
at org.openqa.selenium.remote.RemoteWebDriver.findElement(RemoteWebDriver.java:315)
at io.appium.java_client.DefaultGenericMobileDriver.findElement(DefaultGenericMobileDriver.java:57)
at io.appium.java_client.AppiumDriver.findElement(AppiumDriver.java:1)
at io.appium.java_client.android.AndroidDriver.findElement(AndroidDriver.java:1)
at io.appium.java_client.pagefactory.AppiumElementLocator.lambda$0(AppiumElementLocator.java:120)
at io.appium.java_client.pagefactory.AppiumElementLocator$WaitingFunction.apply(AppiumElementLocator.java:172)
... 40 more
]]>
    </error>
  </testcase> <!-- Insemination_ViewData -->
  <system-out/>
  <testcase name="quit" time="2.693" classname="com.nitara.BreedingManagement.ViewInsemination">
    <error type="org.openqa.selenium.WebDriverException" message="An unknown server-side error occurred while processing the command. Original error: Error executing adbExec. Original error: &#039;Command &#039;C:\\Users\\SURABHIKUMAR\\Downloads\\commandlinetools-win-7302050_latest\\cmdline-tools\\platform-tools\\adb.exe -P 5037 -s de319e1e2346 shell &#039;settings delete global hidden_api_policy_pre_p_apps;settings delete global hidden_api_policy_p_apps;settings delete global hidden_api_policy&#039;&#039; exited with code 1&#039;; Stderr: &#039;adb.exe: device unauthorized.
This adb server&#039;s $ADB_VENDOR_KEYS is not set
Try &#039;adb kill-server&#039; if that seems wrong.
Otherwise check for a confirmation dialog on your device.&#039;; Code: &#039;1&#039;
Build info: version: &#039;3.141.59&#039;, revision: &#039;e82be7d358&#039;, time: &#039;2018-11-14T08:17:03&#039;
System info: host: &#039;DESKTOP-OB1OE1J&#039;, ip: &#039;192.168.0.121&#039;, os.name: &#039;Windows 10&#039;, os.arch: &#039;x86&#039;, os.version: &#039;10.0&#039;, java.version: &#039;1.8.0_291&#039;
Driver info: io.appium.java_client.android.AndroidDriver
Capabilities {app: D:\Nitara Automation Farmer..., appPackage: com.nitara.farmer.qa, automationName: uiautomator2, databaseEnabled: false, desired: {app: D:\Nitara Automation Farmer..., automationName: uiautomator2, deviceName: Oneplus, noReset: true, platformName: android, udid: de319e1e2346}, deviceApiLevel: 30, deviceManufacturer: Xiaomi, deviceModel: Mi A3, deviceName: de319e1e2346, deviceScreenDensity: 320, deviceScreenSize: 720x1560, deviceUDID: de319e1e2346, javascriptEnabled: true, locationContextEnabled: false, networkConnectionEnabled: true, noReset: true, pixelRatio: 2, platform: LINUX, platformName: Android, platformVersion: 11, statBarHeight: 70, takesScreenshot: true, udid: de319e1e2346, viewportRect: {height: 1341, left: 0, top: 70, width: 720}, warnings: {}, webStorageEnabled: false}
Session ID: 6cf474dc-3480-4b70-86b1-588c855e202d">
      <![CDATA[org.openqa.selenium.WebDriverException: An unknown server-side error occurred while processing the command. Original error: Error executing adbExec. Original error: 'Command 'C:\\Users\\SURABHIKUMAR\\Downloads\\commandlinetools-win-7302050_latest\\cmdline-tools\\platform-tools\\adb.exe -P 5037 -s de319e1e2346 shell 'settings delete global hidden_api_policy_pre_p_apps;settings delete global hidden_api_policy_p_apps;settings delete global hidden_api_policy'' exited with code 1'; Stderr: 'adb.exe: device unauthorized.
This adb server's $ADB_VENDOR_KEYS is not set
Try 'adb kill-server' if that seems wrong.
Otherwise check for a confirmation dialog on your device.'; Code: '1'
Build info: version: '3.141.59', revision: 'e82be7d358', time: '2018-11-14T08:17:03'
System info: host: 'DESKTOP-OB1OE1J', ip: '192.168.0.121', os.name: 'Windows 10', os.arch: 'x86', os.version: '10.0', java.version: '1.8.0_291'
Driver info: io.appium.java_client.android.AndroidDriver
Capabilities {app: D:\Nitara Automation Farmer..., appPackage: com.nitara.farmer.qa, automationName: uiautomator2, databaseEnabled: false, desired: {app: D:\Nitara Automation Farmer..., automationName: uiautomator2, deviceName: Oneplus, noReset: true, platformName: android, udid: de319e1e2346}, deviceApiLevel: 30, deviceManufacturer: Xiaomi, deviceModel: Mi A3, deviceName: de319e1e2346, deviceScreenDensity: 320, deviceScreenSize: 720x1560, deviceUDID: de319e1e2346, javascriptEnabled: true, locationContextEnabled: false, networkConnectionEnabled: true, noReset: true, pixelRatio: 2, platform: LINUX, platformName: Android, platformVersion: 11, statBarHeight: 70, takesScreenshot: true, udid: de319e1e2346, viewportRect: {height: 1341, left: 0, top: 70, width: 720}, warnings: {}, webStorageEnabled: false}
Session ID: 6cf474dc-3480-4b70-86b1-588c855e202d
at sun.reflect.NativeConstructorAccessorImpl.newInstance0(Native Method)
at sun.reflect.NativeConstructorAccessorImpl.newInstance(NativeConstructorAccessorImpl.java:62)
at sun.reflect.DelegatingConstructorAccessorImpl.newInstance(DelegatingConstructorAccessorImpl.java:45)
at java.lang.reflect.Constructor.newInstance(Constructor.java:423)
at org.openqa.selenium.remote.http.W3CHttpResponseCodec.createException(W3CHttpResponseCodec.java:187)
at org.openqa.selenium.remote.http.W3CHttpResponseCodec.decode(W3CHttpResponseCodec.java:122)
at org.openqa.selenium.remote.http.W3CHttpResponseCodec.decode(W3CHttpResponseCodec.java:49)
at org.openqa.selenium.remote.HttpCommandExecutor.execute(HttpCommandExecutor.java:158)
at io.appium.java_client.remote.AppiumCommandExecutor.execute(AppiumCommandExecutor.java:247)
at org.openqa.selenium.remote.RemoteWebDriver.execute(RemoteWebDriver.java:552)
at io.appium.java_client.DefaultGenericMobileDriver.execute(DefaultGenericMobileDriver.java:45)
at io.appium.java_client.AppiumDriver.execute(AppiumDriver.java:1)
at io.appium.java_client.android.AndroidDriver.execute(AndroidDriver.java:1)
at org.openqa.selenium.remote.RemoteWebDriver.quit(RemoteWebDriver.java:452)
at appCommonClasses.GenericBase.quit(GenericBase.java:58)
at sun.reflect.NativeMethodAccessorImpl.invoke0(Native Method)
at sun.reflect.NativeMethodAccessorImpl.invoke(NativeMethodAccessorImpl.java:62)
at sun.reflect.DelegatingMethodAccessorImpl.invoke(DelegatingMethodAccessorImpl.java:43)
at java.lang.reflect.Method.invoke(Method.java:498)
at org.testng.internal.MethodInvocationHelper.invokeMethod(MethodInvocationHelper.java:133)
at org.testng.internal.MethodInvocationHelper.invokeMethodConsideringTimeout(MethodInvocationHelper.java:62)
at org.testng.internal.ConfigInvoker.invokeConfigurationMethod(ConfigInvoker.java:385)
at org.testng.internal.ConfigInvoker.invokeConfigurations(ConfigInvoker.java:321)
at org.testng.internal.TestInvoker.runConfigMethods(TestInvoker.java:700)
at org.testng.internal.TestInvoker.runAfterGroupsConfigurations(TestInvoker.java:676)
at org.testng.internal.TestInvoker.invokeMethod(TestInvoker.java:660)
at org.testng.internal.TestInvoker.invokeTestMethod(TestInvoker.java:173)
at org.testng.internal.MethodRunner.runInSequence(MethodRunner.java:46)
at org.testng.internal.TestInvoker$MethodInvocationAgent.invoke(TestInvoker.java:824)
at org.testng.internal.TestInvoker.invokeTestMethods(TestInvoker.java:146)
at org.testng.internal.TestMethodWorker.invokeTestMethods(TestMethodWorker.java:146)
at org.testng.internal.TestMethodWorker.run(TestMethodWorker.java:128)
at java.util.ArrayList.forEach(ArrayList.java:1259)
at org.testng.TestRunner.privateRun(TestRunner.java:794)
at org.testng.TestRunner.run(TestRunner.java:596)
at org.testng.SuiteRunner.runTest(SuiteRunner.java:377)
at org.testng.SuiteRunner.runSequentially(SuiteRunner.java:371)
at org.testng.SuiteRunner.privateRun(SuiteRunner.java:332)
at org.testng.SuiteRunner.run(SuiteRunner.java:276)
at org.testng.SuiteRunnerWorker.runSuite(SuiteRunnerWorker.java:53)
at org.testng.SuiteRunnerWorker.run(SuiteRunnerWorker.java:96)
at org.testng.TestNG.runSuitesSequentially(TestNG.java:1212)
at org.testng.TestNG.runSuitesLocally(TestNG.java:1134)
at org.testng.TestNG.runSuites(TestNG.java:1063)
at org.testng.TestNG.run(TestNG.java:1031)
at org.testng.remote.AbstractRemoteTestNG.run(AbstractRemoteTestNG.java:115)
at org.testng.remote.RemoteTestNG.initAndRun(RemoteTestNG.java:251)
at org.testng.remote.RemoteTestNG.main(RemoteTestNG.java:77)
]]>
    </error>
  </testcase> <!-- quit -->
  <system-out/>
</testsuite> <!-- com.nitara.BreedingManagement.ViewInsemination -->
