<?xml version="1.0" encoding="UTF-8"?>
<!-- Generated by org.testng.reporters.JUnitReportReporter -->
<testsuite skipped="0" hostname="DESKTOP-OB1OE1J" name="com.nitara.HousingManagement.CreateUserdefinedShed" tests="1" failures="0" timestamp="2022-08-03T15:39:53 IST" time="82.121" errors="0">
  <testcase name="CreateUserdefinedshed_withMultipleGroups" time="82.121" classname="com.nitara.HousingManagement.CreateUserdefinedShed"/>
  <system-out/>
</testsuite> <!-- com.nitara.HousingManagement.CreateUserdefinedShed -->
