<?xml version="1.0" encoding="UTF-8"?>
<!-- Generated by org.testng.reporters.JUnitReportReporter -->
<testsuite skipped="0" hostname="DESKTOP-OB1OE1J" name="com.nitara.HealthManagement.Treatment" tests="1" failures="0" timestamp="2022-01-01T13:59:34 IST" time="54.459" errors="0">
  <testcase name="Treatment_AddData" time="54.459" classname="com.nitara.HealthManagement.Treatment"/>
  <system-out/>
</testsuite> <!-- com.nitara.HealthManagement.Treatment -->
