<?xml version="1.0" encoding="UTF-8"?>
<!-- Generated by org.testng.reporters.JUnitReportReporter -->
<testsuite skipped="0" hostname="DESKTOP-OB1OE1J" name="com.nitara.HealthManagement.ViewDeworming" tests="1" failures="0" timestamp="2022-04-30T00:55:18 IST" time="140.863" errors="0">
  <testcase name="Deworming_ViewData" time="140.863" classname="com.nitara.HealthManagement.ViewDeworming"/>
  <system-out/>
</testsuite> <!-- com.nitara.HealthManagement.ViewDeworming -->
