<?xml version="1.0" encoding="UTF-8"?>
<!-- Generated by org.testng.reporters.JUnitReportReporter -->
<testsuite skipped="0" hostname="DESKTOP-OB1OE1J" name="com.nitara.HousingManagement.Createsmartshed" tests="1" failures="0" timestamp="2022-05-06T16:34:31 IST" time="75.702" errors="0">
  <testcase name="Create_smartshed" time="75.702" classname="com.nitara.HousingManagement.Createsmartshed"/>
  <system-out/>
</testsuite> <!-- com.nitara.HousingManagement.Createsmartshed -->
