<?xml version="1.0" encoding="UTF-8"?>
<!-- Generated by org.testng.reporters.JUnitReportReporter -->
<testsuite skipped="0" hostname="DESKTOP-OB1OE1J" name="com.nitara.HealthManagement.ViewFollowUp" tests="1" failures="0" timestamp="2022-05-10T07:08:51 IST" time="75.804" errors="0">
  <testcase name="FollowUp_ViewData" time="75.804" classname="com.nitara.HealthManagement.ViewFollowUp"/>
  <system-out/>
</testsuite> <!-- com.nitara.HealthManagement.ViewFollowUp -->
