<?xml version="1.0" encoding="UTF-8"?>
<!-- Generated by org.testng.reporters.JUnitReportReporter -->
<testsuite skipped="0" hostname="DESKTOP-OB1OE1J" name="com.nitara.BreedingManagement.ViewHeat" tests="1" failures="0" timestamp="2022-05-02T20:24:34 IST" time="155.921" errors="0">
  <testcase name="Heat_ViewData" time="155.921" classname="com.nitara.BreedingManagement.ViewHeat"/>
  <system-out/>
</testsuite> <!-- com.nitara.BreedingManagement.ViewHeat -->
