<?xml version="1.0" encoding="UTF-8"?>
<!-- Generated by org.testng.reporters.JUnitReportReporter -->
<testsuite skipped="0" hostname="DESKTOP-OB1OE1J" name="com.nitara.HealthManagement.AddTreatment" tests="1" failures="0" timestamp="2022-05-26T05:53:03 IST" time="95.024" errors="0">
  <testcase name="Treatment_AddData" time="95.024" classname="com.nitara.HealthManagement.AddTreatment"/>
  <system-out/>
</testsuite> <!-- com.nitara.HealthManagement.AddTreatment -->
