<?xml version="1.0" encoding="UTF-8"?>
<!-- Generated by org.testng.reporters.JUnitReportReporter -->
<testsuite hostname="DESKTOP-T1PK72O" failures="0" tests="1" name="com.nitara.HousingManagement.DeletesuerdefinedShed" time="81.727" errors="0" timestamp="2022-02-15T11:46:22 IST" skipped="0">
  <testcase classname="com.nitara.HousingManagement.DeletesuerdefinedShed" name="deleteshed" time="81.727"/>
  <system-out/>
</testsuite> <!-- com.nitara.HousingManagement.DeletesuerdefinedShed -->
