<?xml version="1.0" encoding="UTF-8"?>
<!-- Generated by org.testng.reporters.JUnitReportReporter -->
<testsuite skipped="0" hostname="DESKTOP-OB1OE1J" name="com.nitara.BCSManagement.ViewBcs" tests="1" failures="0" timestamp="2022-04-30T00:55:18 IST" time="129.556" errors="0">
  <testcase name="ViewBcs" time="129.556" classname="com.nitara.BCSManagement.ViewBcs"/>
  <system-out/>
</testsuite> <!-- com.nitara.BCSManagement.ViewBcs -->
