<?xml version="1.0" encoding="UTF-8"?>
<!-- Generated by org.testng.reporters.JUnitReportReporter -->
<testsuite skipped="0" hostname="DESKTOP-OB1OE1J" name="com.nitara.HousingManagement.Movecattle" tests="1" failures="0" timestamp="2022-05-06T18:17:13 IST" time="110.464" errors="0">
  <testcase name="Movecattle" time="110.464" classname="com.nitara.HousingManagement.Movecattle"/>
  <system-out/>
</testsuite> <!-- com.nitara.HousingManagement.Movecattle -->
