<?xml version="1.0" encoding="UTF-8"?>
<!-- Generated by org.testng.reporters.JUnitReportReporter -->
<testsuite skipped="0" hostname="DESKTOP-OB1OE1J" name="com.nitara.BreedingManagement.EditHeat" tests="1" failures="0" timestamp="2022-08-26T13:26:48 IST" time="98.457" errors="0">
  <testcase name="Heat_EditData" time="98.457" classname="com.nitara.BreedingManagement.EditHeat"/>
  <system-out/>
</testsuite> <!-- com.nitara.BreedingManagement.EditHeat -->
