<?xml version="1.0" encoding="UTF-8"?>
<!-- Generated by org.testng.reporters.JUnitReportReporter -->
<testsuite skipped="0" hostname="DESKTOP-OB1OE1J" name="com.nitara.BreedingManagement.AddDryPeriod" tests="1" failures="0" timestamp="2022-05-02T20:24:34 IST" time="115.377" errors="0">
  <testcase name="AddDryPeriod_ValidData" time="115.377" classname="com.nitara.BreedingManagement.AddDryPeriod"/>
  <system-out/>
</testsuite> <!-- com.nitara.BreedingManagement.AddDryPeriod -->
