<?xml version="1.0" encoding="UTF-8"?>
<!-- Generated by org.testng.reporters.JUnitReportReporter -->
<testsuite skipped="0" hostname="DESKTOP-OB1OE1J" name="com.nitara.BreedingManagement.AddHeatForCattle" tests="1" failures="0" timestamp="2022-03-24T00:03:50 IST" time="73.364" errors="0">
  <testcase name="Heat_AddData" time="73.364" classname="com.nitara.BreedingManagement.AddHeatForCattle"/>
  <system-out/>
</testsuite> <!-- com.nitara.BreedingManagement.AddHeatForCattle -->
